<?xml version="1.0" encoding="UTF-8"?>
<!-- Generated by org.testng.reporters.JUnitXMLReporter -->
<testsuite hostname="LAPTOP-0QPIVDQ4" name="Default test" tests="3" failures="0" timestamp="3 Feb 2019 17:37:23 GMT" time="45.944" errors="0">
  <testcase name="verifyContactPageLabelTest" time="0.045" classname="com.crm.qa.testcases.ContactsPageTest"/>
  <testcase name="verifySelectContactTest" time="0.098" classname="com.crm.qa.testcases.ContactsPageTest"/>
  <testcase name="verifyMultipleContactsTest" time="0.193" classname="com.crm.qa.testcases.ContactsPageTest"/>
</testsuite> <!-- Default test -->
