<?xml version="1.0" encoding="UTF-8"?>
<!-- Generated by org.testng.reporters.JUnitXMLReporter -->
<testsuite hostname="LAPTOP-0QPIVDQ4" name="Default test" tests="3" failures="0" timestamp="3 Feb 2019 17:00:46 GMT" time="51.884" errors="0">
  <testcase name="verifyContactPageLabelTest" time="0.036" classname="com.crm.qa.testcases.ContactsPageTest"/>
  <testcase name="verifySelectContactTest" time="0.1" classname="com.crm.qa.testcases.ContactsPageTest"/>
  <testcase name="verifyMultipleContactsTest" time="0.198" classname="com.crm.qa.testcases.ContactsPageTest"/>
</testsuite> <!-- Default test -->
