<?xml version="1.0" encoding="UTF-8"?>
<testng-results skipped="0" failed="1" total="9" passed="8">
  <reporter-output>
  </reporter-output>
  <suite name=" free crm Test " duration-ms="151162" started-at="2019-02-03T17:14:13Z" finished-at="2019-02-03T17:16:44Z">
    <groups>
    </groups>
    <test name="Freecrm Test" duration-ms="151162" started-at="2019-02-03T17:14:13Z" finished-at="2019-02-03T17:16:44Z">
      <class name="com.crm.qa.testcases.HomePageTest">
        <test-method status="PASS" signature="setUp()[pri:0, instance:com.crm.qa.testcases.HomePageTest@5e5792a0]" name="setUp" is-config="true" duration-ms="15084" started-at="2019-02-03T18:14:48Z" finished-at="2019-02-03T18:15:03Z">
          <reporter-output>
          </reporter-output>
        </test-method> <!-- setUp -->
        <test-method status="PASS" signature="verifyHomePageTitleTest()[pri:0, instance:com.crm.qa.testcases.HomePageTest@5e5792a0]" name="verifyHomePageTitleTest" duration-ms="13" started-at="2019-02-03T18:15:03Z" finished-at="2019-02-03T18:15:03Z">
          <reporter-output>
          </reporter-output>
        </test-method> <!-- verifyHomePageTitleTest -->
        <test-method status="PASS" signature="tearDown()[pri:0, instance:com.crm.qa.testcases.HomePageTest@5e5792a0]" name="tearDown" is-config="true" duration-ms="704" started-at="2019-02-03T18:15:03Z" finished-at="2019-02-03T18:15:04Z">
          <reporter-output>
          </reporter-output>
        </test-method> <!-- tearDown -->
        <test-method status="PASS" signature="setUp()[pri:0, instance:com.crm.qa.testcases.HomePageTest@5e5792a0]" name="setUp" is-config="true" duration-ms="15523" started-at="2019-02-03T18:15:04Z" finished-at="2019-02-03T18:15:19Z">
          <reporter-output>
          </reporter-output>
        </test-method> <!-- setUp -->
        <test-method status="PASS" signature="verifyUserNameTest()[pri:0, instance:com.crm.qa.testcases.HomePageTest@5e5792a0]" name="verifyUserNameTest" duration-ms="119" started-at="2019-02-03T18:15:19Z" finished-at="2019-02-03T18:15:19Z">
          <reporter-output>
          </reporter-output>
        </test-method> <!-- verifyUserNameTest -->
        <test-method status="PASS" signature="tearDown()[pri:0, instance:com.crm.qa.testcases.HomePageTest@5e5792a0]" name="tearDown" is-config="true" duration-ms="707" started-at="2019-02-03T18:15:19Z" finished-at="2019-02-03T18:15:20Z">
          <reporter-output>
          </reporter-output>
        </test-method> <!-- tearDown -->
        <test-method status="PASS" signature="setUp()[pri:0, instance:com.crm.qa.testcases.HomePageTest@5e5792a0]" name="setUp" is-config="true" duration-ms="14198" started-at="2019-02-03T18:15:20Z" finished-at="2019-02-03T18:15:34Z">
          <reporter-output>
          </reporter-output>
        </test-method> <!-- setUp -->
        <test-method status="FAIL" signature="verifyContactsLinkTest()[pri:0, instance:com.crm.qa.testcases.HomePageTest@5e5792a0]" name="verifyContactsLinkTest" duration-ms="10073" started-at="2019-02-03T18:15:34Z" finished-at="2019-02-03T18:15:44Z">
          <exception class="org.openqa.selenium.NoSuchElementException">
            <message>
              <![CDATA[no such element: Unable to locate element: {"method":"xpath","selector":"//a[@title='Contacts']"}
  (Session info: chrome=71.0.3578.98)
  (Driver info: chromedriver=2.41.578737 (49da6702b16031c40d63e5618de03a32ff6c197e),platform=Windows NT 10.0.17134 x86_64) (WARNING: The server did not provide any stacktrace information)
Command duration or timeout: 0 milliseconds
For documentation on this error, please visit: https://www.seleniumhq.org/exceptions/no_such_element.html
Build info: version: '3.141.59', revision: 'e82be7d358', time: '2018-11-14T08:17:03'
System info: host: 'LAPTOP-0QPIVDQ4', ip: '192.168.178.26', os.name: 'Windows 10', os.arch: 'amd64', os.version: '10.0', java.version: '1.8.0_171'
Driver info: org.openqa.selenium.chrome.ChromeDriver
Capabilities {acceptInsecureCerts: false, acceptSslCerts: false, applicationCacheEnabled: false, browserConnectionEnabled: false, browserName: chrome, chrome: {chromedriverVersion: 2.41.578737 (49da6702b16031..., userDataDir: C:\Users\meenu\AppData\Loca...}, cssSelectorsEnabled: true, databaseEnabled: false, goog:chromeOptions: {debuggerAddress: localhost:55612}, handlesAlerts: true, hasTouchScreen: false, javascriptEnabled: true, locationContextEnabled: true, mobileEmulationEnabled: false, nativeEvents: true, networkConnectionEnabled: false, pageLoadStrategy: normal, platform: XP, platformName: XP, rotatable: false, setWindowRect: true, takesHeapSnapshot: true, takesScreenshot: true, unexpectedAlertBehaviour: , unhandledPromptBehavior: , version: 71.0.3578.98, webStorageEnabled: true}
Session ID: 40d4615c6eec2dd533c2f8edcc62c9fe
*** Element info: {Using=xpath, value=//a[@title='Contacts']}]]>
            </message>
            <full-stacktrace>
              <![CDATA[org.openqa.selenium.NoSuchElementException: no such element: Unable to locate element: {"method":"xpath","selector":"//a[@title='Contacts']"}
  (Session info: chrome=71.0.3578.98)
  (Driver info: chromedriver=2.41.578737 (49da6702b16031c40d63e5618de03a32ff6c197e),platform=Windows NT 10.0.17134 x86_64) (WARNING: The server did not provide any stacktrace information)
Command duration or timeout: 0 milliseconds
For documentation on this error, please visit: https://www.seleniumhq.org/exceptions/no_such_element.html
Build info: version: '3.141.59', revision: 'e82be7d358', time: '2018-11-14T08:17:03'
System info: host: 'LAPTOP-0QPIVDQ4', ip: '192.168.178.26', os.name: 'Windows 10', os.arch: 'amd64', os.version: '10.0', java.version: '1.8.0_171'
Driver info: org.openqa.selenium.chrome.ChromeDriver
Capabilities {acceptInsecureCerts: false, acceptSslCerts: false, applicationCacheEnabled: false, browserConnectionEnabled: false, browserName: chrome, chrome: {chromedriverVersion: 2.41.578737 (49da6702b16031..., userDataDir: C:\Users\meenu\AppData\Loca...}, cssSelectorsEnabled: true, databaseEnabled: false, goog:chromeOptions: {debuggerAddress: localhost:55612}, handlesAlerts: true, hasTouchScreen: false, javascriptEnabled: true, locationContextEnabled: true, mobileEmulationEnabled: false, nativeEvents: true, networkConnectionEnabled: false, pageLoadStrategy: normal, platform: XP, platformName: XP, rotatable: false, setWindowRect: true, takesHeapSnapshot: true, takesScreenshot: true, unexpectedAlertBehaviour: , unhandledPromptBehavior: , version: 71.0.3578.98, webStorageEnabled: true}
Session ID: 40d4615c6eec2dd533c2f8edcc62c9fe
*** Element info: {Using=xpath, value=//a[@title='Contacts']}
	at sun.reflect.NativeConstructorAccessorImpl.newInstance0(Native Method)
	at sun.reflect.NativeConstructorAccessorImpl.newInstance(NativeConstructorAccessorImpl.java:62)
	at sun.reflect.DelegatingConstructorAccessorImpl.newInstance(DelegatingConstructorAccessorImpl.java:45)
	at java.lang.reflect.Constructor.newInstance(Constructor.java:423)
	at org.openqa.selenium.remote.ErrorHandler.createThrowable(ErrorHandler.java:214)
	at org.openqa.selenium.remote.ErrorHandler.throwIfResponseFailed(ErrorHandler.java:166)
	at org.openqa.selenium.remote.http.JsonHttpResponseCodec.reconstructValue(JsonHttpResponseCodec.java:40)
	at org.openqa.selenium.remote.http.AbstractHttpResponseCodec.decode(AbstractHttpResponseCodec.java:80)
	at org.openqa.selenium.remote.http.AbstractHttpResponseCodec.decode(AbstractHttpResponseCodec.java:44)
	at org.openqa.selenium.remote.HttpCommandExecutor.execute(HttpCommandExecutor.java:158)
	at org.openqa.selenium.remote.service.DriverCommandExecutor.execute(DriverCommandExecutor.java:83)
	at org.openqa.selenium.remote.RemoteWebDriver.execute(RemoteWebDriver.java:552)
	at org.openqa.selenium.remote.RemoteWebDriver.findElement(RemoteWebDriver.java:323)
	at org.openqa.selenium.remote.RemoteWebDriver.findElementByXPath(RemoteWebDriver.java:428)
	at org.openqa.selenium.By$ByXPath.findElement(By.java:353)
	at org.openqa.selenium.remote.RemoteWebDriver.findElement(RemoteWebDriver.java:315)
	at org.openqa.selenium.support.pagefactory.DefaultElementLocator.findElement(DefaultElementLocator.java:69)
	at org.openqa.selenium.support.pagefactory.internal.LocatingElementHandler.invoke(LocatingElementHandler.java:38)
	at com.sun.proxy.$Proxy9.click(Unknown Source)
	at com.crm.qa.pages.HomePage.clickOnContactLink(HomePage.java:36)
	at com.crm.qa.testcases.HomePageTest.verifyContactsLinkTest(HomePageTest.java:51)
	at sun.reflect.NativeMethodAccessorImpl.invoke0(Native Method)
	at sun.reflect.NativeMethodAccessorImpl.invoke(NativeMethodAccessorImpl.java:62)
	at sun.reflect.DelegatingMethodAccessorImpl.invoke(DelegatingMethodAccessorImpl.java:43)
	at java.lang.reflect.Method.invoke(Method.java:498)
	at org.testng.internal.MethodInvocationHelper.invokeMethod(MethodInvocationHelper.java:80)
	at org.testng.internal.Invoker.invokeMethod(Invoker.java:714)
	at org.testng.internal.Invoker.invokeTestMethod(Invoker.java:901)
	at org.testng.internal.Invoker.invokeTestMethods(Invoker.java:1231)
	at org.testng.internal.TestMethodWorker.invokeTestMethods(TestMethodWorker.java:127)
	at org.testng.internal.TestMethodWorker.run(TestMethodWorker.java:111)
	at org.testng.TestRunner.privateRun(TestRunner.java:767)
	at org.testng.TestRunner.run(TestRunner.java:617)
	at org.testng.SuiteRunner.runTest(SuiteRunner.java:334)
	at org.testng.SuiteRunner.runSequentially(SuiteRunner.java:329)
	at org.testng.SuiteRunner.privateRun(SuiteRunner.java:291)
	at org.testng.SuiteRunner.run(SuiteRunner.java:240)
	at org.testng.SuiteRunnerWorker.runSuite(SuiteRunnerWorker.java:52)
	at org.testng.SuiteRunnerWorker.run(SuiteRunnerWorker.java:86)
	at org.testng.TestNG.runSuitesSequentially(TestNG.java:1198)
	at org.testng.TestNG.runSuitesLocally(TestNG.java:1123)
	at org.testng.TestNG.run(TestNG.java:1031)
	at org.testng.remote.AbstractRemoteTestNG.run(AbstractRemoteTestNG.java:114)
	at org.testng.remote.RemoteTestNG.initAndRun(RemoteTestNG.java:251)
	at org.testng.remote.RemoteTestNG.main(RemoteTestNG.java:77)
]]>
            </full-stacktrace>
          </exception> <!-- org.openqa.selenium.NoSuchElementException -->
          <reporter-output>
          </reporter-output>
        </test-method> <!-- verifyContactsLinkTest -->
        <test-method status="PASS" signature="tearDown()[pri:0, instance:com.crm.qa.testcases.HomePageTest@5e5792a0]" name="tearDown" is-config="true" duration-ms="662" started-at="2019-02-03T18:15:44Z" finished-at="2019-02-03T18:15:45Z">
          <reporter-output>
          </reporter-output>
        </test-method> <!-- tearDown -->
      </class> <!-- com.crm.qa.testcases.HomePageTest -->
      <class name="com.crm.qa.testcases.ContactsPageTest">
        <test-method status="PASS" signature="setUp()[pri:0, instance:com.crm.qa.testcases.ContactsPageTest@2b98378d]" name="setUp" is-config="true" duration-ms="16674" started-at="2019-02-03T18:15:45Z" finished-at="2019-02-03T18:16:02Z">
          <reporter-output>
          </reporter-output>
        </test-method> <!-- setUp -->
        <test-method status="PASS" signature="verifyContactPageLabelTest()[pri:0, instance:com.crm.qa.testcases.ContactsPageTest@2b98378d]" name="verifyContactPageLabelTest" duration-ms="45" started-at="2019-02-03T18:16:02Z" finished-at="2019-02-03T18:16:02Z">
          <reporter-output>
          </reporter-output>
        </test-method> <!-- verifyContactPageLabelTest -->
        <test-method status="PASS" signature="tearDown()[pri:0, instance:com.crm.qa.testcases.ContactsPageTest@2b98378d]" name="tearDown" is-config="true" duration-ms="630" started-at="2019-02-03T18:16:02Z" finished-at="2019-02-03T18:16:02Z">
          <reporter-output>
          </reporter-output>
        </test-method> <!-- tearDown -->
        <test-method status="PASS" signature="setUp()[pri:0, instance:com.crm.qa.testcases.ContactsPageTest@2b98378d]" name="setUp" is-config="true" duration-ms="20726" started-at="2019-02-03T18:16:02Z" finished-at="2019-02-03T18:16:23Z">
          <reporter-output>
          </reporter-output>
        </test-method> <!-- setUp -->
        <test-method status="PASS" signature="verifySelectContactTest()[pri:0, instance:com.crm.qa.testcases.ContactsPageTest@2b98378d]" name="verifySelectContactTest" duration-ms="5117" started-at="2019-02-03T18:16:23Z" finished-at="2019-02-03T18:16:28Z">
          <reporter-output>
          </reporter-output>
        </test-method> <!-- verifySelectContactTest -->
        <test-method status="PASS" signature="tearDown()[pri:0, instance:com.crm.qa.testcases.ContactsPageTest@2b98378d]" name="tearDown" is-config="true" duration-ms="632" started-at="2019-02-03T18:16:28Z" finished-at="2019-02-03T18:16:29Z">
          <reporter-output>
          </reporter-output>
        </test-method> <!-- tearDown -->
        <test-method status="PASS" signature="setUp()[pri:0, instance:com.crm.qa.testcases.ContactsPageTest@2b98378d]" name="setUp" is-config="true" duration-ms="14599" started-at="2019-02-03T18:16:29Z" finished-at="2019-02-03T18:16:43Z">
          <reporter-output>
          </reporter-output>
        </test-method> <!-- setUp -->
        <test-method status="PASS" signature="verifyMultipleContactsTest()[pri:0, instance:com.crm.qa.testcases.ContactsPageTest@2b98378d]" name="verifyMultipleContactsTest" duration-ms="240" started-at="2019-02-03T18:16:43Z" finished-at="2019-02-03T18:16:44Z">
          <reporter-output>
          </reporter-output>
        </test-method> <!-- verifyMultipleContactsTest -->
        <test-method status="PASS" signature="tearDown()[pri:0, instance:com.crm.qa.testcases.ContactsPageTest@2b98378d]" name="tearDown" is-config="true" duration-ms="723" started-at="2019-02-03T18:16:44Z" finished-at="2019-02-03T18:16:44Z">
          <reporter-output>
          </reporter-output>
        </test-method> <!-- tearDown -->
      </class> <!-- com.crm.qa.testcases.ContactsPageTest -->
      <class name="com.crm.qa.testcases.LoginPageTest">
        <test-method status="PASS" signature="setUp()[pri:0, instance:com.crm.qa.testcases.LoginPageTest@29774679]" name="setUp" is-config="true" duration-ms="9261" started-at="2019-02-03T18:14:13Z" finished-at="2019-02-03T18:14:22Z">
          <reporter-output>
          </reporter-output>
        </test-method> <!-- setUp -->
        <test-method status="PASS" signature="verifyLoginPgaeTitleTest()[pri:0, instance:com.crm.qa.testcases.LoginPageTest@29774679]" name="verifyLoginPgaeTitleTest" duration-ms="29" started-at="2019-02-03T18:14:22Z" finished-at="2019-02-03T18:14:23Z">
          <reporter-output>
          </reporter-output>
        </test-method> <!-- verifyLoginPgaeTitleTest -->
        <test-method status="PASS" signature="tearDown()[pri:0, instance:com.crm.qa.testcases.LoginPageTest@29774679]" name="tearDown" is-config="true" duration-ms="659" started-at="2019-02-03T18:14:23Z" finished-at="2019-02-03T18:14:23Z">
          <reporter-output>
          </reporter-output>
        </test-method> <!-- tearDown -->
        <test-method status="PASS" signature="setUp()[pri:0, instance:com.crm.qa.testcases.LoginPageTest@29774679]" name="setUp" is-config="true" duration-ms="6564" started-at="2019-02-03T18:14:23Z" finished-at="2019-02-03T18:14:30Z">
          <reporter-output>
          </reporter-output>
        </test-method> <!-- setUp -->
        <test-method status="PASS" signature="verifyCRMLogoImageTest()[pri:0, instance:com.crm.qa.testcases.LoginPageTest@29774679]" name="verifyCRMLogoImageTest" duration-ms="110" started-at="2019-02-03T18:14:30Z" finished-at="2019-02-03T18:14:30Z">
          <reporter-output>
          </reporter-output>
        </test-method> <!-- verifyCRMLogoImageTest -->
        <test-method status="PASS" signature="tearDown()[pri:0, instance:com.crm.qa.testcases.LoginPageTest@29774679]" name="tearDown" is-config="true" duration-ms="627" started-at="2019-02-03T18:14:30Z" finished-at="2019-02-03T18:14:30Z">
          <reporter-output>
          </reporter-output>
        </test-method> <!-- tearDown -->
        <test-method status="PASS" signature="setUp()[pri:0, instance:com.crm.qa.testcases.LoginPageTest@29774679]" name="setUp" is-config="true" duration-ms="6876" started-at="2019-02-03T18:14:30Z" finished-at="2019-02-03T18:14:37Z">
          <reporter-output>
          </reporter-output>
        </test-method> <!-- setUp -->
        <test-method status="PASS" signature="verifyLoginTest()[pri:0, instance:com.crm.qa.testcases.LoginPageTest@29774679]" name="verifyLoginTest" duration-ms="9386" started-at="2019-02-03T18:14:37Z" finished-at="2019-02-03T18:14:47Z">
          <reporter-output>
          </reporter-output>
        </test-method> <!-- verifyLoginTest -->
        <test-method status="PASS" signature="tearDown()[pri:0, instance:com.crm.qa.testcases.LoginPageTest@29774679]" name="tearDown" is-config="true" duration-ms="1139" started-at="2019-02-03T18:14:47Z" finished-at="2019-02-03T18:14:48Z">
          <reporter-output>
          </reporter-output>
        </test-method> <!-- tearDown -->
      </class> <!-- com.crm.qa.testcases.LoginPageTest -->
    </test> <!-- Freecrm Test -->
  </suite> <!--  free crm Test  -->
</testng-results>
