<?xml version="1.0" encoding="UTF-8"?>
<testng-results skipped="0" failed="0" total="3" passed="3">
  <reporter-output>
  </reporter-output>
  <suite name="Default suite" duration-ms="32077" started-at="2019-02-03T12:54:57Z" finished-at="2019-02-03T12:55:30Z">
    <groups>
    </groups>
    <test name="Default test" duration-ms="32077" started-at="2019-02-03T12:54:57Z" finished-at="2019-02-03T12:55:30Z">
      <class name="com.crm.qa.testcases.LoginPageTest">
        <test-method status="PASS" signature="setUp()[pri:0, instance:com.crm.qa.testcases.LoginPageTest@cb5822]" name="setUp" is-config="true" duration-ms="8135" started-at="2019-02-03T13:54:58Z" finished-at="2019-02-03T13:55:06Z">
          <reporter-output>
          </reporter-output>
        </test-method> <!-- setUp -->
        <test-method status="PASS" signature="loginPgaeTitleTest()[pri:0, instance:com.crm.qa.testcases.LoginPageTest@cb5822]" name="loginPgaeTitleTest" duration-ms="31" started-at="2019-02-03T13:55:06Z" finished-at="2019-02-03T13:55:06Z">
          <reporter-output>
          </reporter-output>
        </test-method> <!-- loginPgaeTitleTest -->
        <test-method status="PASS" signature="tearDown()[pri:0, instance:com.crm.qa.testcases.LoginPageTest@cb5822]" name="tearDown" is-config="true" duration-ms="661" started-at="2019-02-03T13:55:06Z" finished-at="2019-02-03T13:55:06Z">
          <reporter-output>
          </reporter-output>
        </test-method> <!-- tearDown -->
        <test-method status="PASS" signature="setUp()[pri:0, instance:com.crm.qa.testcases.LoginPageTest@cb5822]" name="setUp" is-config="true" duration-ms="7082" started-at="2019-02-03T13:55:06Z" finished-at="2019-02-03T13:55:13Z">
          <reporter-output>
          </reporter-output>
        </test-method> <!-- setUp -->
        <test-method status="PASS" signature="crmLogoImageTest()[pri:0, instance:com.crm.qa.testcases.LoginPageTest@cb5822]" name="crmLogoImageTest" duration-ms="67" started-at="2019-02-03T13:55:13Z" finished-at="2019-02-03T13:55:13Z">
          <reporter-output>
          </reporter-output>
        </test-method> <!-- crmLogoImageTest -->
        <test-method status="PASS" signature="tearDown()[pri:0, instance:com.crm.qa.testcases.LoginPageTest@cb5822]" name="tearDown" is-config="true" duration-ms="735" started-at="2019-02-03T13:55:13Z" finished-at="2019-02-03T13:55:14Z">
          <reporter-output>
          </reporter-output>
        </test-method> <!-- tearDown -->
        <test-method status="PASS" signature="setUp()[pri:0, instance:com.crm.qa.testcases.LoginPageTest@cb5822]" name="setUp" is-config="true" duration-ms="6412" started-at="2019-02-03T13:55:14Z" finished-at="2019-02-03T13:55:21Z">
          <reporter-output>
          </reporter-output>
        </test-method> <!-- setUp -->
        <test-method status="PASS" signature="loginTest()[pri:0, instance:com.crm.qa.testcases.LoginPageTest@cb5822]" name="loginTest" duration-ms="8209" started-at="2019-02-03T13:55:21Z" finished-at="2019-02-03T13:55:29Z">
          <reporter-output>
          </reporter-output>
        </test-method> <!-- loginTest -->
        <test-method status="PASS" signature="tearDown()[pri:0, instance:com.crm.qa.testcases.LoginPageTest@cb5822]" name="tearDown" is-config="true" duration-ms="728" started-at="2019-02-03T13:55:29Z" finished-at="2019-02-03T13:55:30Z">
          <reporter-output>
          </reporter-output>
        </test-method> <!-- tearDown -->
      </class> <!-- com.crm.qa.testcases.LoginPageTest -->
    </test> <!-- Default test -->
  </suite> <!-- Default suite -->
</testng-results>
